<?xml version="1.0" encoding="UTF-8"?>
<!-- Generated by org.testng.reporters.JUnitReportReporter -->
<testsuite hostname="DESKTOP-HPNOI30" failures="0" tests="1" name="com.mbm.testcases.OrangeHRMTests" time="17.170" errors="0" timestamp="2023-09-02T23:49:10 IST" skipped="0">
  <testcase classname="com.mbm.testcases.OrangeHRMTests" name="loginTest" time="17.170"/>
  <system-out/>
</testsuite> <!-- com.mbm.testcases.OrangeHRMTests -->
