<?xml version="1.0" encoding="UTF-8"?>
<!-- Generated by org.testng.reporters.JUnitReportReporter -->
<testsuite hostname="DESKTOP-HPNOI30" failures="0" tests="2" name="com.mbm.testcases.OrangeHRMTests" time="48.626" errors="0" timestamp="2023-09-03T02:06:23 IST" skipped="0">
  <testcase classname="com.mbm.testcases.OrangeHRMTests" name="logoutTest" time="23.737"/>
  <system-out/>
  <testcase classname="com.mbm.testcases.OrangeHRMTests" name="loginTest" time="24.889"/>
  <system-out/>
</testsuite> <!-- com.mbm.testcases.OrangeHRMTests -->
